<?xml version="1.0" encoding="UTF-8"?>
<!-- Generated by org.testng.reporters.JUnitReportReporter -->
<testsuite hostname="LAPTOP-3LDCRNSQ" failures="0" tests="1" name="testscripts.Tc10" time="31.213" errors="0" timestamp="2023-06-28T08:46:20 IST" skipped="0">
  <testcase classname="testscripts.Tc10" name="eventTest" time="31.213"/>
  <system-out/>
</testsuite> <!-- testscripts.Tc10 -->
