<?xml version="1.0" encoding="UTF-8"?>
<!-- Generated by org.testng.reporters.JUnitReportReporter -->
<testsuite hostname="LAPTOP-3LDCRNSQ" failures="0" tests="1" name="testscripts.Tc07" time="19.649" errors="0" timestamp="2023-06-26T19:54:50 IST" skipped="0">
  <testcase classname="testscripts.Tc07" name="createLead" time="19.649"/>
  <system-out/>
</testsuite> <!-- testscripts.Tc07 -->
