<?xml version="1.0" encoding="UTF-8"?>
<!-- Generated by org.testng.reporters.JUnitReportReporter -->
<testsuite hostname="LAPTOP-3LDCRNSQ" failures="0" tests="1" name="testscripts.Tc11" time="37.382" errors="0" timestamp="2023-06-29T09:56:18 IST" skipped="0">
  <testcase classname="testscripts.Tc11" name="leadDelete" time="37.382"/>
  <system-out/>
</testsuite> <!-- testscripts.Tc11 -->
