<?xml version="1.0" encoding="UTF-8"?>
<!-- Generated by org.testng.reporters.JUnitReportReporter -->
<testsuite hostname="LAPTOP-3LDCRNSQ" failures="0" tests="1" name="testscripts.Tc01_Test" time="0.008" errors="0" timestamp="2023-07-05T10:08:31 IST" skipped="0">
  <testcase classname="testscripts.Tc01_Test" name="loginToApplication" time="0.008"/>
  <system-out/>
</testsuite> <!-- testscripts.Tc01_Test -->
