<?xml version="1.0" encoding="UTF-8"?>
<!-- Generated by org.testng.reporters.JUnitReportReporter -->
<testsuite hostname="LAPTOP-3LDCRNSQ" failures="0" tests="1" name="testscripts.Tc02_Test" time="5.832" errors="0" timestamp="2023-07-05T10:08:31 IST" skipped="0">
  <testcase classname="testscripts.Tc02_Test" name="goToHomePage" time="5.832"/>
  <system-out/>
</testsuite> <!-- testscripts.Tc02_Test -->
