<?xml version="1.0" encoding="UTF-8"?>
<!-- Generated by org.testng.reporters.JUnitReportReporter -->
<testsuite hostname="LAPTOP-3LDCRNSQ" failures="0" tests="1" name="testscripts.Tc02" time="6.114" errors="0" timestamp="2023-06-29T10:02:24 IST" skipped="0">
  <testcase classname="testscripts.Tc02" name="goToHomePage" time="6.114"/>
  <system-out/>
</testsuite> <!-- testscripts.Tc02 -->
