<?xml version="1.0" encoding="UTF-8"?>
<!-- Generated by org.testng.reporters.JUnitReportReporter -->
<testsuite hostname="LAPTOP-3LDCRNSQ" failures="0" tests="1" name="testscripts.Tc06" time="15.202" errors="0" timestamp="2023-06-29T10:07:19 IST" skipped="0">
  <testcase classname="testscripts.Tc06" name="createWithExisting" time="15.202"/>
  <system-out/>
</testsuite> <!-- testscripts.Tc06 -->
