<?xml version="1.0" encoding="UTF-8"?>
<!-- Generated by org.testng.reporters.JUnitReportReporter -->
<testsuite hostname="LAPTOP-3LDCRNSQ" failures="0" tests="1" name="testscripts.Tc08" time="22.389" errors="0" timestamp="2023-06-26T21:48:06 IST" skipped="0">
  <testcase classname="testscripts.Tc08" name="leadWithDup" time="22.389"/>
  <system-out/>
</testsuite> <!-- testscripts.Tc08 -->
