<?xml version="1.0" encoding="UTF-8"?>
<!-- Generated by org.testng.reporters.JUnitReportReporter -->
<testsuite hostname="LAPTOP-3LDCRNSQ" failures="0" tests="1" name="testscripts.Tc03_Test" time="11.893" errors="0" timestamp="2023-07-05T10:08:31 IST" skipped="0">
  <testcase classname="testscripts.Tc03_Test" name="createContact" time="11.893"/>
  <system-out/>
</testsuite> <!-- testscripts.Tc03_Test -->
