<?xml version="1.0" encoding="UTF-8"?>
<!-- Generated by org.testng.reporters.JUnitReportReporter -->
<testsuite hostname="LAPTOP-3LDCRNSQ" failures="0" tests="1" name="testscripts.Tc03" time="12.202" errors="0" timestamp="2023-07-01T10:13:51 IST" skipped="0">
  <testcase classname="testscripts.Tc03" name="createContact" time="12.202"/>
  <system-out/>
</testsuite> <!-- testscripts.Tc03 -->
