<?xml version="1.0" encoding="UTF-8"?>
<!-- Generated by org.testng.reporters.JUnitReportReporter -->
<testsuite hostname="LAPTOP-3LDCRNSQ" failures="0" tests="1" name="testscripts.Tc04" time="13.662" errors="0" timestamp="2023-07-03T09:37:36 IST" skipped="0">
  <testcase classname="testscripts.Tc04" name="organisationTest" time="13.662"/>
  <system-out/>
</testsuite> <!-- testscripts.Tc04 -->
